<?xml version="1.0" encoding="UTF-8"?>
<coverage generated="1659393089293" clover="3.2.0">
  <project timestamp="1659393089293" name="All files">
    <metrics statements="29" coveredstatements="29" conditionals="2" coveredconditionals="2" methods="12" coveredmethods="12" elements="43" coveredelements="43" complexity="0" loc="29" ncloc="29" packages="3" files="4" classes="4"/>
    <package name="src">
      <metrics statements="7" coveredstatements="7" conditionals="0" coveredconditionals="0" methods="1" coveredmethods="1"/>
      <file name="App.tsx" path="/Users/rodolfodasilvacarvalho/Documents/personal-repository/react-unit-testing/src/App.tsx">
        <metrics statements="7" coveredstatements="7" conditionals="0" coveredconditionals="0" methods="1" coveredmethods="1"/>
        <line num="1" count="1" type="stmt"/>
        <line num="2" count="1" type="stmt"/>
        <line num="3" count="1" type="stmt"/>
        <line num="4" count="1" type="stmt"/>
        <line num="6" count="1" type="stmt"/>
        <line num="8" count="1" type="stmt"/>
        <line num="10" count="1" type="stmt"/>
      </file>
    </package>
    <package name="src.components">
      <metrics statements="19" coveredstatements="19" conditionals="2" coveredconditionals="2" methods="10" coveredmethods="10"/>
      <file name="Counter.tsx" path="/Users/rodolfodasilvacarvalho/Documents/personal-repository/react-unit-testing/src/components/Counter.tsx">
        <metrics statements="6" coveredstatements="6" conditionals="2" coveredconditionals="2" methods="2" coveredmethods="2"/>
        <line num="1" count="2" type="stmt"/>
        <line num="2" count="2" type="stmt"/>
        <line num="4" count="2" type="stmt"/>
        <line num="6" count="2" type="stmt"/>
        <line num="8" count="2" type="stmt"/>
        <line num="12" count="1" type="stmt"/>
      </file>
      <file name="List.tsx" path="/Users/rodolfodasilvacarvalho/Documents/personal-repository/react-unit-testing/src/components/List.tsx">
        <metrics statements="13" coveredstatements="13" conditionals="0" coveredconditionals="0" methods="8" coveredmethods="8"/>
        <line num="1" count="2" type="stmt"/>
        <line num="2" count="2" type="stmt"/>
        <line num="8" count="4" type="stmt"/>
        <line num="9" count="10" type="stmt"/>
        <line num="10" count="10" type="stmt"/>
        <line num="11" count="10" type="stmt"/>
        <line num="14" count="1" type="stmt"/>
        <line num="18" count="1" type="stmt"/>
        <line num="19" count="3" type="stmt"/>
        <line num="22" count="10" type="stmt"/>
        <line num="28" count="4" type="stmt"/>
        <line num="34" count="12" type="stmt"/>
        <line num="37" count="1" type="stmt"/>
      </file>
    </package>
    <package name="src.context">
      <metrics statements="3" coveredstatements="3" conditionals="0" coveredconditionals="0" methods="1" coveredmethods="1"/>
      <file name="index.tsx" path="/Users/rodolfodasilvacarvalho/Documents/personal-repository/react-unit-testing/src/context/index.tsx">
        <metrics statements="3" coveredstatements="3" conditionals="0" coveredconditionals="0" methods="1" coveredmethods="1"/>
        <line num="1" count="3" type="stmt"/>
        <line num="3" count="3" type="stmt"/>
        <line num="5" count="18" type="stmt"/>
      </file>
    </package>
  </project>
</coverage>
