{"/Users/rodolfodasilvacarvalho/Documents/personal-repository/react-unit-testing/src/App.tsx": {"path":"/Users/rodolfodasilvacarvalho/Documents/personal-repository/react-unit-testing/src/App.tsx","statementMap":{"0":{"start":{"line":6,"column":24},"end":{"line":6,"column":27}},"1":{"start":{"line":1,"column":25},"end":{"line":1,"column":null}},"2":{"start":{"line":2,"column":24},"end":{"line":2,"column":null}},"3":{"start":{"line":3,"column":21},"end":{"line":3,"column":null}},"4":{"start":{"line":4,"column":20},"end":{"line":4,"column":null}},"5":{"start":{"line":8,"column":42},"end":{"line":8,"column":54}},"6":{"start":{"line":10,"column":2},"end":{"line":14,"column":null}}},"fnMap":{"0":{"name":"(anonymous_0)","decl":{"start":{"line":6,"column":24},"end":{"line":6,"column":27}},"loc":{"start":{"line":6,"column":24},"end":{"line":6,"column":27}}}},"branchMap":{},"s":{"0":1,"1":1,"2":1,"3":1,"4":1,"5":1,"6":1},"f":{"0":2},"b":{}}
,"/Users/rodolfodasilvacarvalho/Documents/personal-repository/react-unit-testing/src/components/Counter.tsx": {"path":"/Users/rodolfodasilvacarvalho/Documents/personal-repository/react-unit-testing/src/components/Counter.tsx","statementMap":{"0":{"start":{"line":4,"column":16},"end":{"line":4,"column":23}},"1":{"start":{"line":1,"column":27},"end":{"line":1,"column":null}},"2":{"start":{"line":2,"column":20},"end":{"line":2,"column":null}},"3":{"start":{"line":6,"column":39},"end":{"line":6,"column":58}},"4":{"start":{"line":8,"column":4},"end":{"line":14,"column":null}},"5":{"start":{"line":12,"column":43},"end":{"line":12,"column":60}}},"fnMap":{"0":{"name":"(anonymous_0)","decl":{"start":{"line":4,"column":16},"end":{"line":4,"column":23}},"loc":{"start":{"line":4,"column":16},"end":{"line":4,"column":23}}},"1":{"name":"(anonymous_3)","decl":{"start":{"line":12,"column":35},"end":{"line":12,"column":39}},"loc":{"start":{"line":12,"column":43},"end":{"line":12,"column":60}}}},"branchMap":{"0":{"loc":{"start":{"line":10,"column":13},"end":{"line":10,"column":null}},"type":"binary-expr","locations":[{"start":{"line":10,"column":13},"end":{"line":10,"column":36}},{"start":{"line":10,"column":40},"end":{"line":10,"column":null}}]}},"s":{"0":4,"1":3,"2":3,"3":4,"4":4,"5":1},"f":{"0":8,"1":1},"b":{"0":[4,1]}}
,"/Users/rodolfodasilvacarvalho/Documents/personal-repository/react-unit-testing/src/components/List.tsx": {"path":"/Users/rodolfodasilvacarvalho/Documents/personal-repository/react-unit-testing/src/components/List.tsx","statementMap":{"0":{"start":{"line":8,"column":16},"end":{"line":8,"column":20}},"1":{"start":{"line":1,"column":37},"end":{"line":1,"column":null}},"2":{"start":{"line":2,"column":20},"end":{"line":2,"column":null}},"3":{"start":{"line":9,"column":34},"end":{"line":9,"column":46}},"4":{"start":{"line":10,"column":28},"end":{"line":10,"column":50}},"5":{"start":{"line":11,"column":46},"end":{"line":11,"column":65}},"6":{"start":{"line":14,"column":8},"end":{"line":14,"column":null}},"7":{"start":{"line":18,"column":8},"end":{"line":18,"column":null}},"8":{"start":{"line":19,"column":8},"end":{"line":19,"column":58}},"9":{"start":{"line":19,"column":26},"end":{"line":19,"column":56}},"10":{"start":{"line":19,"column":45},"end":{"line":19,"column":54}},"11":{"start":{"line":22,"column":4},"end":{"line":44,"column":null}},"12":{"start":{"line":28,"column":27},"end":{"line":28,"column":53}},"13":{"start":{"line":34,"column":16},"end":{"line":34,"column":null}},"14":{"start":{"line":37,"column":39},"end":{"line":37,"column":57}}},"fnMap":{"0":{"name":"(anonymous_0)","decl":{"start":{"line":8,"column":16},"end":{"line":8,"column":20}},"loc":{"start":{"line":8,"column":16},"end":{"line":8,"column":20}}},"1":{"name":"addToList","decl":{"start":{"line":13,"column":13},"end":{"line":13,"column":22}},"loc":{"start":{"line":13,"column":25},"end":{"line":15,"column":null}}},"2":{"name":"removeToList","decl":{"start":{"line":17,"column":13},"end":{"line":17,"column":25}},"loc":{"start":{"line":17,"column":40},"end":{"line":20,"column":null}}},"3":{"name":"(anonymous_5)","decl":{"start":{"line":19,"column":17},"end":{"line":19,"column":22}},"loc":{"start":{"line":19,"column":26},"end":{"line":19,"column":56}}},"4":{"name":"(anonymous_6)","decl":{"start":{"line":19,"column":40},"end":{"line":19,"column":41}},"loc":{"start":{"line":19,"column":45},"end":{"line":19,"column":54}}},"5":{"name":"(anonymous_7)","decl":{"start":{"line":28,"column":22},"end":{"line":28,"column":23}},"loc":{"start":{"line":28,"column":27},"end":{"line":28,"column":53}}},"6":{"name":"(anonymous_8)","decl":{"start":{"line":33,"column":23},"end":{"line":33,"column":27}},"loc":{"start":{"line":34,"column":16},"end":{"line":34,"column":null}}},"7":{"name":"(anonymous_9)","decl":{"start":{"line":37,"column":33},"end":{"line":37,"column":39}},"loc":{"start":{"line":37,"column":39},"end":{"line":37,"column":57}}}},"branchMap":{},"s":{"0":6,"1":3,"2":3,"3":18,"4":18,"5":18,"6":2,"7":2,"8":2,"9":2,"10":7,"11":18,"12":8,"13":37,"14":2},"f":{"0":24,"1":2,"2":2,"3":2,"4":7,"5":8,"6":37,"7":2},"b":{}}
,"/Users/rodolfodasilvacarvalho/Documents/personal-repository/react-unit-testing/src/context/index.tsx": {"path":"/Users/rodolfodasilvacarvalho/Documents/personal-repository/react-unit-testing/src/context/index.tsx","statementMap":{"0":{"start":{"line":5,"column":0},"end":{"line":5,"column":15}},"1":{"start":{"line":1,"column":30},"end":{"line":1,"column":null}},"2":{"start":{"line":3,"column":16},"end":{"line":3,"column":33}},"3":{"start":{"line":5,"column":15},"end":{"line":5,"column":22}}},"fnMap":{"0":{"name":"(anonymous_0)","decl":{"start":{"line":5,"column":0},"end":{"line":5,"column":15}},"loc":{"start":{"line":5,"column":0},"end":{"line":5,"column":15}}}},"branchMap":{},"s":{"0":30,"1":4,"2":4,"3":4},"f":{"0":30},"b":{}}
}
