TN:
SF:src/App.tsx
FN:6,(anonymous_0)
FNF:1
FNH:1
FNDA:2,(anonymous_0)
DA:1,1
DA:2,1
DA:3,1
DA:4,1
DA:6,1
DA:8,1
DA:10,1
LF:7
LH:7
BRF:0
BRH:0
end_of_record
TN:
SF:src/components/Counter.tsx
FN:4,(anonymous_0)
FN:12,(anonymous_3)
FNF:2
FNH:2
FNDA:8,(anonymous_0)
FNDA:1,(anonymous_3)
DA:1,3
DA:2,3
DA:4,4
DA:6,4
DA:8,4
DA:12,1
LF:6
LH:6
BRDA:10,0,0,4
BRDA:10,0,1,1
BRF:2
BRH:2
end_of_record
TN:
SF:src/components/List.tsx
FN:8,(anonymous_0)
FN:13,addToList
FN:17,removeToList
FN:19,(anonymous_5)
FN:19,(anonymous_6)
FN:28,(anonymous_7)
FN:33,(anonymous_8)
FN:37,(anonymous_9)
FNF:8
FNH:8
FNDA:24,(anonymous_0)
FNDA:2,addToList
FNDA:2,removeToList
FNDA:2,(anonymous_5)
FNDA:7,(anonymous_6)
FNDA:8,(anonymous_7)
FNDA:37,(anonymous_8)
FNDA:2,(anonymous_9)
DA:1,3
DA:2,3
DA:8,6
DA:9,18
DA:10,18
DA:11,18
DA:14,2
DA:18,2
DA:19,7
DA:22,18
DA:28,8
DA:34,37
DA:37,2
LF:13
LH:13
BRF:0
BRH:0
end_of_record
TN:
SF:src/context/index.tsx
FN:5,(anonymous_0)
FNF:1
FNH:1
FNDA:30,(anonymous_0)
DA:1,4
DA:3,4
DA:5,30
LF:3
LH:3
BRF:0
BRH:0
end_of_record
